#error {
 :cause "clj-http: status 400"
 :data {:status 400, :headers {"Server" "nginx/1.12.2", "Date" "Sat, 22 Sep 2018 02:16:50 GMT", "Content-Type" "application/json", "Content-Length" "113", "Connection" "close", "Access-Control-Allow-Origin" "*", "Access-Control-Expose-Headers" "Content-Length,Content-Type,Date,Server,Connection"}, :body "{\"ok\":false,\"error_code\":400,\"description\":\"Bad Request: field \\\"input_message_content\\\" must be of type Object\"}", :request-time 1317, :trace-redirects ["https://api.telegram.org/bot585672177:AAHswpmdA2zP52ZWoJMdteGa0xQ8KeynWvE/answerInlineQuery"], :orig-content-encoding nil}
 :via
 [{:type clojure.lang.ExceptionInfo
   :message "clj-http: status 400"
   :data {:status 400, :headers {"Server" "nginx/1.12.2", "Date" "Sat, 22 Sep 2018 02:16:50 GMT", "Content-Type" "application/json", "Content-Length" "113", "Connection" "close", "Access-Control-Allow-Origin" "*", "Access-Control-Expose-Headers" "Content-Length,Content-Type,Date,Server,Connection"}, :body "{\"ok\":false,\"error_code\":400,\"description\":\"Bad Request: field \\\"input_message_content\\\" must be of type Object\"}", :request-time 1317, :trace-redirects ["https://api.telegram.org/bot585672177:AAHswpmdA2zP52ZWoJMdteGa0xQ8KeynWvE/answerInlineQuery"], :orig-content-encoding nil}
   :at [slingshot.support$stack_trace invoke "support.clj" 201]}]
 :trace
 [[slingshot.support$stack_trace invoke "support.clj" 201]
  [clj_http.client$wrap_exceptions$fn__10163 invoke "client.clj" 196]
  [clj_http.client$wrap_accept$fn__10367 invoke "client.clj" 565]
  [clj_http.client$wrap_accept_encoding$fn__10373 invoke "client.clj" 579]
  [clj_http.client$wrap_content_type$fn__10362 invoke "client.clj" 554]
  [clj_http.client$wrap_form_params$fn__10454 invoke "client.clj" 722]
  [clj_http.client$wrap_nested_params$fn__10468 invoke "client.clj" 760]
  [clj_http.client$wrap_method$fn__10414 invoke "client.clj" 670]
  [clj_http.cookies$wrap_cookies$fn__7794 invoke "cookies.clj" 124]
  [clj_http.links$wrap_links$fn__9078 invoke "links.clj" 51]
  [clj_http.client$wrap_unknown_host$fn__10477 invoke "client.clj" 776]
  [clj_http.client$post invokeStatic "client.clj" 891]
  [clj_http.client$post doInvoke "client.clj" 887]
  [clojure.lang.RestFn invoke "RestFn.java" 423]
  [morse.api$answer_inline invokeStatic "api.clj" 133]
  [morse.api$answer_inline invoke "api.clj" 127]
  [morse.api$answer_inline invokeStatic "api.clj" 129]
  [morse.api$answer_inline invoke "api.clj" 127]
  [mytelegrambot.core$fn__19937$fn__19938 invoke nil 33]
  [mytelegrambot.core$fn__19937 invokeStatic nil 32]
  [mytelegrambot.core$fn__19937 invoke nil 30]
  [morse.handlers$update_fn$fn__7599 invoke "handlers.clj" 57]
  [morse.handlers$handling$fn__7576 invoke "handlers.clj" 9]
  [clojure.core$some invokeStatic "core.clj" 2592]
  [clojure.core$some invoke "core.clj" 2583]
  [morse.handlers$handling invokeStatic "handlers.clj" 9]
  [morse.handlers$handling doInvoke "handlers.clj" 6]
  [clojure.lang.RestFn applyTo "RestFn.java" 139]
  [clojure.core$apply invokeStatic "core.clj" 648]
  [clojure.core$apply invoke "core.clj" 641]
  [morse.handlers$handlers$fn__7580 invoke "handlers.clj" 15]
  [morse.polling$create_consumer$fn__10667$state_machine__5520__auto____10668$fn__10670 invoke "polling.clj" 42]
  [morse.polling$create_consumer$fn__10667$state_machine__5520__auto____10668 invoke "polling.clj" 42]
  [clojure.core.async.impl.ioc_macros$run_state_machine invokeStatic "ioc_macros.clj" 1011]
  [clojure.core.async.impl.ioc_macros$run_state_machine invoke "ioc_macros.clj" 1010]
  [clojure.core.async.impl.ioc_macros$run_state_machine_wrapped invokeStatic "ioc_macros.clj" 1015]
  [clojure.core.async.impl.ioc_macros$run_state_machine_wrapped invoke "ioc_macros.clj" 1013]
  [clojure.core.async.impl.ioc_macros$take_BANG_$fn__5536 invoke "ioc_macros.clj" 1024]
  [clojure.core.async.impl.channels.ManyToManyChannel$fn__458 invoke "channels.clj" 135]
  [clojure.lang.AFn run "AFn.java" 22]
  [java.util.concurrent.ThreadPoolExecutor runWorker "ThreadPoolExecutor.java" 1149]
  [java.util.concurrent.ThreadPoolExecutor$Worker run "ThreadPoolExecutor.java" 624]
  [java.lang.Thread run "Thread.java" 748]]}
#error {
 :cause "clj-http: status 400"
 :data {:status 400, :headers {"Server" "nginx/1.12.2", "Date" "Sat, 22 Sep 2018 02:16:51 GMT", "Content-Type" "application/json", "Content-Length" "113", "Connection" "close", "Access-Control-Allow-Origin" "*", "Access-Control-Expose-Headers" "Content-Length,Content-Type,Date,Server,Connection"}, :body "{\"ok\":false,\"error_code\":400,\"description\":\"Bad Request: field \\\"input_message_content\\\" must be of type Object\"}", :request-time 1557, :trace-redirects ["https://api.telegram.org/bot585672177:AAHswpmdA2zP52ZWoJMdteGa0xQ8KeynWvE/answerInlineQuery"], :orig-content-encoding nil}
 :via
 [{:type clojure.lang.ExceptionInfo
   :message "clj-http: status 400"
   :data {:status 400, :headers {"Server" "nginx/1.12.2", "Date" "Sat, 22 Sep 2018 02:16:51 GMT", "Content-Type" "application/json", "Content-Length" "113", "Connection" "close", "Access-Control-Allow-Origin" "*", "Access-Control-Expose-Headers" "Content-Length,Content-Type,Date,Server,Connection"}, :body "{\"ok\":false,\"error_code\":400,\"description\":\"Bad Request: field \\\"input_message_content\\\" must be of type Object\"}", :request-time 1557, :trace-redirects ["https://api.telegram.org/bot585672177:AAHswpmdA2zP52ZWoJMdteGa0xQ8KeynWvE/answerInlineQuery"], :orig-content-encoding nil}
   :at [slingshot.support$stack_trace invoke "support.clj" 201]}]
 :trace
 [[slingshot.support$stack_trace invoke "support.clj" 201]
  [clj_http.client$wrap_exceptions$fn__10163 invoke "client.clj" 196]
  [clj_http.client$wrap_accept$fn__10367 invoke "client.clj" 565]
  [clj_http.client$wrap_accept_encoding$fn__10373 invoke "client.clj" 579]
  [clj_http.client$wrap_content_type$fn__10362 invoke "client.clj" 554]
  [clj_http.client$wrap_form_params$fn__10454 invoke "client.clj" 722]
  [clj_http.client$wrap_nested_params$fn__10468 invoke "client.clj" 760]
  [clj_http.client$wrap_method$fn__10414 invoke "client.clj" 670]
  [clj_http.cookies$wrap_cookies$fn__7794 invoke "cookies.clj" 124]
  [clj_http.links$wrap_links$fn__9078 invoke "links.clj" 51]
  [clj_http.client$wrap_unknown_host$fn__10477 invoke "client.clj" 776]
  [clj_http.client$post invokeStatic "client.clj" 891]
  [clj_http.client$post doInvoke "client.clj" 887]
  [clojure.lang.RestFn invoke "RestFn.java" 423]
  [morse.api$answer_inline invokeStatic "api.clj" 133]
  [morse.api$answer_inline invoke "api.clj" 127]
  [morse.api$answer_inline invokeStatic "api.clj" 129]
  [morse.api$answer_inline invoke "api.clj" 127]
  [mytelegrambot.core$fn__19937$fn__19938 invoke nil 33]
  [mytelegrambot.core$fn__19937 invokeStatic nil 32]
  [mytelegrambot.core$fn__19937 invoke nil 30]
  [morse.handlers$update_fn$fn__7599 invoke "handlers.clj" 57]
  [morse.handlers$handling$fn__7576 invoke "handlers.clj" 9]
  [clojure.core$some invokeStatic "core.clj" 2592]
  [clojure.core$some invoke "core.clj" 2583]
  [morse.handlers$handling invokeStatic "handlers.clj" 9]
  [morse.handlers$handling doInvoke "handlers.clj" 6]
  [clojure.lang.RestFn applyTo "RestFn.java" 139]
  [clojure.core$apply invokeStatic "core.clj" 648]
  [clojure.core$apply invoke "core.clj" 641]
  [morse.handlers$handlers$fn__7580 invoke "handlers.clj" 15]
  [morse.polling$create_consumer$fn__10667$state_machine__5520__auto____10668$fn__10670 invoke "polling.clj" 42]
  [morse.polling$create_consumer$fn__10667$state_machine__5520__auto____10668 invoke "polling.clj" 42]
  [clojure.core.async.impl.ioc_macros$run_state_machine invokeStatic "ioc_macros.clj" 1011]
  [clojure.core.async.impl.ioc_macros$run_state_machine invoke "ioc_macros.clj" 1010]
  [clojure.core.async.impl.ioc_macros$run_state_machine_wrapped invokeStatic "ioc_macros.clj" 1015]
  [clojure.core.async.impl.ioc_macros$run_state_machine_wrapped invoke "ioc_macros.clj" 1013]
  [clojure.core.async.impl.ioc_macros$take_BANG_$fn__5536 invoke "ioc_macros.clj" 1024]
  [clojure.core.async.impl.channels.ManyToManyChannel$fn__458 invoke "channels.clj" 135]
  [clojure.lang.AFn run "AFn.java" 22]
  [java.util.concurrent.ThreadPoolExecutor runWorker "ThreadPoolExecutor.java" 1149]
  [java.util.concurrent.ThreadPoolExecutor$Worker run "ThreadPoolExecutor.java" 624]
  [java.lang.Thread run "Thread.java" 748]]}
#error {
 :cause "clj-http: status 400"
 :data {:status 400, :headers {"Server" "nginx/1.12.2", "Date" "Sat, 22 Sep 2018 02:16:53 GMT", "Content-Type" "application/json", "Content-Length" "113", "Connection" "close", "Access-Control-Allow-Origin" "*", "Access-Control-Expose-Headers" "Content-Length,Content-Type,Date,Server,Connection"}, :body "{\"ok\":false,\"error_code\":400,\"description\":\"Bad Request: field \\\"input_message_content\\\" must be of type Object\"}", :request-time 1485, :trace-redirects ["https://api.telegram.org/bot585672177:AAHswpmdA2zP52ZWoJMdteGa0xQ8KeynWvE/answerInlineQuery"], :orig-content-encoding nil}
 :via
 [{:type clojure.lang.ExceptionInfo
   :message "clj-http: status 400"
   :data {:status 400, :headers {"Server" "nginx/1.12.2", "Date" "Sat, 22 Sep 2018 02:16:53 GMT", "Content-Type" "application/json", "Content-Length" "113", "Connection" "close", "Access-Control-Allow-Origin" "*", "Access-Control-Expose-Headers" "Content-Length,Content-Type,Date,Server,Connection"}, :body "{\"ok\":false,\"error_code\":400,\"description\":\"Bad Request: field \\\"input_message_content\\\" must be of type Object\"}", :request-time 1485, :trace-redirects ["https://api.telegram.org/bot585672177:AAHswpmdA2zP52ZWoJMdteGa0xQ8KeynWvE/answerInlineQuery"], :orig-content-encoding nil}
   :at [slingshot.support$stack_trace invoke "support.clj" 201]}]
 :trace
 [[slingshot.support$stack_trace invoke "support.clj" 201]
  [clj_http.client$wrap_exceptions$fn__10163 invoke "client.clj" 196]
  [clj_http.client$wrap_accept$fn__10367 invoke "client.clj" 565]
  [clj_http.client$wrap_accept_encoding$fn__10373 invoke "client.clj" 579]
  [clj_http.client$wrap_content_type$fn__10362 invoke "client.clj" 554]
  [clj_http.client$wrap_form_params$fn__10454 invoke "client.clj" 722]
  [clj_http.client$wrap_nested_params$fn__10468 invoke "client.clj" 760]
  [clj_http.client$wrap_method$fn__10414 invoke "client.clj" 670]
  [clj_http.cookies$wrap_cookies$fn__7794 invoke "cookies.clj" 124]
  [clj_http.links$wrap_links$fn__9078 invoke "links.clj" 51]
  [clj_http.client$wrap_unknown_host$fn__10477 invoke "client.clj" 776]
  [clj_http.client$post invokeStatic "client.clj" 891]
  [clj_http.client$post doInvoke "client.clj" 887]
  [clojure.lang.RestFn invoke "RestFn.java" 423]
  [morse.api$answer_inline invokeStatic "api.clj" 133]
  [morse.api$answer_inline invoke "api.clj" 127]
  [morse.api$answer_inline invokeStatic "api.clj" 129]
  [morse.api$answer_inline invoke "api.clj" 127]
  [mytelegrambot.core$fn__19937$fn__19938 invoke nil 33]
  [mytelegrambot.core$fn__19937 invokeStatic nil 32]
  [mytelegrambot.core$fn__19937 invoke nil 30]
  [morse.handlers$update_fn$fn__7599 invoke "handlers.clj" 57]
  [morse.handlers$handling$fn__7576 invoke "handlers.clj" 9]
  [clojure.core$some invokeStatic "core.clj" 2592]
  [clojure.core$some invoke "core.clj" 2583]
  [morse.handlers$handling invokeStatic "handlers.clj" 9]
  [morse.handlers$handling doInvoke "handlers.clj" 6]
  [clojure.lang.RestFn applyTo "RestFn.java" 139]
  [clojure.core$apply invokeStatic "core.clj" 648]
  [clojure.core$apply invoke "core.clj" 641]
  [morse.handlers$handlers$fn__7580 invoke "handlers.clj" 15]
  [morse.polling$create_consumer$fn__10667$state_machine__5520__auto____10668$fn__10670 invoke "polling.clj" 42]
  [morse.polling$create_consumer$fn__10667$state_machine__5520__auto____10668 invoke "polling.clj" 42]
  [clojure.core.async.impl.ioc_macros$run_state_machine invokeStatic "ioc_macros.clj" 1011]
  [clojure.core.async.impl.ioc_macros$run_state_machine invoke "ioc_macros.clj" 1010]
  [clojure.core.async.impl.ioc_macros$run_state_machine_wrapped invokeStatic "ioc_macros.clj" 1015]
  [clojure.core.async.impl.ioc_macros$run_state_machine_wrapped invoke "ioc_macros.clj" 1013]
  [clojure.core.async.impl.ioc_macros$take_BANG_$fn__5536 invoke "ioc_macros.clj" 1024]
  [clojure.core.async.impl.channels.ManyToManyChannel$fn__458 invoke "channels.clj" 135]
  [clojure.lang.AFn run "AFn.java" 22]
  [java.util.concurrent.ThreadPoolExecutor runWorker "ThreadPoolExecutor.java" 1149]
  [java.util.concurrent.ThreadPoolExecutor$Worker run "ThreadPoolExecutor.java" 624]
  [java.lang.Thread run "Thread.java" 748]]}
#error {
 :cause "clj-http: status 400"
 :data {:status 400, :headers {"Server" "nginx/1.12.2", "Date" "Sat, 22 Sep 2018 02:17:55 GMT", "Content-Type" "application/json", "Content-Length" "89", "Connection" "close", "Access-Control-Allow-Origin" "*", "Access-Control-Expose-Headers" "Content-Length,Content-Type,Date,Server,Connection"}, :body "{\"ok\":false,\"error_code\":400,\"description\":\"Bad Request: can't find field \\\"thumb_url\\\"\"}", :request-time 1625, :trace-redirects ["https://api.telegram.org/bot585672177:AAHswpmdA2zP52ZWoJMdteGa0xQ8KeynWvE/answerInlineQuery"], :orig-content-encoding nil}
 :via
 [{:type clojure.lang.ExceptionInfo
   :message "clj-http: status 400"
   :data {:status 400, :headers {"Server" "nginx/1.12.2", "Date" "Sat, 22 Sep 2018 02:17:55 GMT", "Content-Type" "application/json", "Content-Length" "89", "Connection" "close", "Access-Control-Allow-Origin" "*", "Access-Control-Expose-Headers" "Content-Length,Content-Type,Date,Server,Connection"}, :body "{\"ok\":false,\"error_code\":400,\"description\":\"Bad Request: can't find field \\\"thumb_url\\\"\"}", :request-time 1625, :trace-redirects ["https://api.telegram.org/bot585672177:AAHswpmdA2zP52ZWoJMdteGa0xQ8KeynWvE/answerInlineQuery"], :orig-content-encoding nil}
   :at [slingshot.support$stack_trace invoke "support.clj" 201]}]
 :trace
 [[slingshot.support$stack_trace invoke "support.clj" 201]
  [clj_http.client$wrap_exceptions$fn__10163 invoke "client.clj" 196]
  [clj_http.client$wrap_accept$fn__10367 invoke "client.clj" 565]
  [clj_http.client$wrap_accept_encoding$fn__10373 invoke "client.clj" 579]
  [clj_http.client$wrap_content_type$fn__10362 invoke "client.clj" 554]
  [clj_http.client$wrap_form_params$fn__10454 invoke "client.clj" 722]
  [clj_http.client$wrap_nested_params$fn__10468 invoke "client.clj" 760]
  [clj_http.client$wrap_method$fn__10414 invoke "client.clj" 670]
  [clj_http.cookies$wrap_cookies$fn__7794 invoke "cookies.clj" 124]
  [clj_http.links$wrap_links$fn__9078 invoke "links.clj" 51]
  [clj_http.client$wrap_unknown_host$fn__10477 invoke "client.clj" 776]
  [clj_http.client$post invokeStatic "client.clj" 891]
  [clj_http.client$post doInvoke "client.clj" 887]
  [clojure.lang.RestFn invoke "RestFn.java" 423]
  [morse.api$answer_inline invokeStatic "api.clj" 133]
  [morse.api$answer_inline invoke "api.clj" 127]
  [morse.api$answer_inline invokeStatic "api.clj" 129]
  [morse.api$answer_inline invoke "api.clj" 127]
  [mytelegrambot.core$fn__19972$fn__19973 invoke nil 33]
  [mytelegrambot.core$fn__19972 invokeStatic nil 32]
  [mytelegrambot.core$fn__19972 invoke nil 30]
  [morse.handlers$update_fn$fn__7599 invoke "handlers.clj" 57]
  [morse.handlers$handling$fn__7576 invoke "handlers.clj" 9]
  [clojure.core$some invokeStatic "core.clj" 2592]
  [clojure.core$some invoke "core.clj" 2583]
  [morse.handlers$handling invokeStatic "handlers.clj" 9]
  [morse.handlers$handling doInvoke "handlers.clj" 6]
  [clojure.lang.RestFn applyTo "RestFn.java" 139]
  [clojure.core$apply invokeStatic "core.clj" 648]
  [clojure.core$apply invoke "core.clj" 641]
  [morse.handlers$handlers$fn__7580 invoke "handlers.clj" 15]
  [morse.polling$create_consumer$fn__10667$state_machine__5520__auto____10668$fn__10670 invoke "polling.clj" 42]
  [morse.polling$create_consumer$fn__10667$state_machine__5520__auto____10668 invoke "polling.clj" 42]
  [clojure.core.async.impl.ioc_macros$run_state_machine invokeStatic "ioc_macros.clj" 1011]
  [clojure.core.async.impl.ioc_macros$run_state_machine invoke "ioc_macros.clj" 1010]
  [clojure.core.async.impl.ioc_macros$run_state_machine_wrapped invokeStatic "ioc_macros.clj" 1015]
  [clojure.core.async.impl.ioc_macros$run_state_machine_wrapped invoke "ioc_macros.clj" 1013]
  [clojure.core.async.impl.ioc_macros$take_BANG_$fn__5536 invoke "ioc_macros.clj" 1024]
  [clojure.core.async.impl.channels.ManyToManyChannel$fn__458 invoke "channels.clj" 135]
  [clojure.lang.AFn run "AFn.java" 22]
  [java.util.concurrent.ThreadPoolExecutor runWorker "ThreadPoolExecutor.java" 1149]
  [java.util.concurrent.ThreadPoolExecutor$Worker run "ThreadPoolExecutor.java" 624]
  [java.lang.Thread run "Thread.java" 748]]}
#error {
 :cause "clj-http: status 400"
 :data {:status 400, :headers {"Server" "nginx/1.12.2", "Date" "Sat, 22 Sep 2018 02:17:57 GMT", "Content-Type" "application/json", "Content-Length" "89", "Connection" "close", "Access-Control-Allow-Origin" "*", "Access-Control-Expose-Headers" "Content-Length,Content-Type,Date,Server,Connection"}, :body "{\"ok\":false,\"error_code\":400,\"description\":\"Bad Request: can't find field \\\"thumb_url\\\"\"}", :request-time 1568, :trace-redirects ["https://api.telegram.org/bot585672177:AAHswpmdA2zP52ZWoJMdteGa0xQ8KeynWvE/answerInlineQuery"], :orig-content-encoding nil}
 :via
 [{:type clojure.lang.ExceptionInfo
   :message "clj-http: status 400"
   :data {:status 400, :headers {"Server" "nginx/1.12.2", "Date" "Sat, 22 Sep 2018 02:17:57 GMT", "Content-Type" "application/json", "Content-Length" "89", "Connection" "close", "Access-Control-Allow-Origin" "*", "Access-Control-Expose-Headers" "Content-Length,Content-Type,Date,Server,Connection"}, :body "{\"ok\":false,\"error_code\":400,\"description\":\"Bad Request: can't find field \\\"thumb_url\\\"\"}", :request-time 1568, :trace-redirects ["https://api.telegram.org/bot585672177:AAHswpmdA2zP52ZWoJMdteGa0xQ8KeynWvE/answerInlineQuery"], :orig-content-encoding nil}
   :at [slingshot.support$stack_trace invoke "support.clj" 201]}]
 :trace
 [[slingshot.support$stack_trace invoke "support.clj" 201]
  [clj_http.client$wrap_exceptions$fn__10163 invoke "client.clj" 196]
  [clj_http.client$wrap_accept$fn__10367 invoke "client.clj" 565]
  [clj_http.client$wrap_accept_encoding$fn__10373 invoke "client.clj" 579]
  [clj_http.client$wrap_content_type$fn__10362 invoke "client.clj" 554]
  [clj_http.client$wrap_form_params$fn__10454 invoke "client.clj" 722]
  [clj_http.client$wrap_nested_params$fn__10468 invoke "client.clj" 760]
  [clj_http.client$wrap_method$fn__10414 invoke "client.clj" 670]
  [clj_http.cookies$wrap_cookies$fn__7794 invoke "cookies.clj" 124]
  [clj_http.links$wrap_links$fn__9078 invoke "links.clj" 51]
  [clj_http.client$wrap_unknown_host$fn__10477 invoke "client.clj" 776]
  [clj_http.client$post invokeStatic "client.clj" 891]
  [clj_http.client$post doInvoke "client.clj" 887]
  [clojure.lang.RestFn invoke "RestFn.java" 423]
  [morse.api$answer_inline invokeStatic "api.clj" 133]
  [morse.api$answer_inline invoke "api.clj" 127]
  [morse.api$answer_inline invokeStatic "api.clj" 129]
  [morse.api$answer_inline invoke "api.clj" 127]
  [mytelegrambot.core$fn__19972$fn__19973 invoke nil 33]
  [mytelegrambot.core$fn__19972 invokeStatic nil 32]
  [mytelegrambot.core$fn__19972 invoke nil 30]
  [morse.handlers$update_fn$fn__7599 invoke "handlers.clj" 57]
  [morse.handlers$handling$fn__7576 invoke "handlers.clj" 9]
  [clojure.core$some invokeStatic "core.clj" 2592]
  [clojure.core$some invoke "core.clj" 2583]
  [morse.handlers$handling invokeStatic "handlers.clj" 9]
  [morse.handlers$handling doInvoke "handlers.clj" 6]
  [clojure.lang.RestFn applyTo "RestFn.java" 139]
  [clojure.core$apply invokeStatic "core.clj" 648]
  [clojure.core$apply invoke "core.clj" 641]
  [morse.handlers$handlers$fn__7580 invoke "handlers.clj" 15]
  [morse.polling$create_consumer$fn__10667$state_machine__5520__auto____10668$fn__10670 invoke "polling.clj" 42]
  [morse.polling$create_consumer$fn__10667$state_machine__5520__auto____10668 invoke "polling.clj" 42]
  [clojure.core.async.impl.ioc_macros$run_state_machine invokeStatic "ioc_macros.clj" 1011]
  [clojure.core.async.impl.ioc_macros$run_state_machine invoke "ioc_macros.clj" 1010]
  [clojure.core.async.impl.ioc_macros$run_state_machine_wrapped invokeStatic "ioc_macros.clj" 1015]
  [clojure.core.async.impl.ioc_macros$run_state_machine_wrapped invoke "ioc_macros.clj" 1013]
  [clojure.core.async.impl.ioc_macros$take_BANG_$fn__5536 invoke "ioc_macros.clj" 1024]
  [clojure.core.async.impl.channels.ManyToManyChannel$fn__458 invoke "channels.clj" 135]
  [clojure.lang.AFn run "AFn.java" 22]
  [java.util.concurrent.ThreadPoolExecutor runWorker "ThreadPoolExecutor.java" 1149]
  [java.util.concurrent.ThreadPoolExecutor$Worker run "ThreadPoolExecutor.java" 624]
  [java.lang.Thread run "Thread.java" 748]]}
#error {
 :cause "clj-http: status 400"
 :data {:status 400, :headers {"Server" "nginx/1.12.2", "Date" "Sat, 22 Sep 2018 02:17:58 GMT", "Content-Type" "application/json", "Content-Length" "89", "Connection" "close", "Access-Control-Allow-Origin" "*", "Access-Control-Expose-Headers" "Content-Length,Content-Type,Date,Server,Connection"}, :body "{\"ok\":false,\"error_code\":400,\"description\":\"Bad Request: can't find field \\\"thumb_url\\\"\"}", :request-time 1469, :trace-redirects ["https://api.telegram.org/bot585672177:AAHswpmdA2zP52ZWoJMdteGa0xQ8KeynWvE/answerInlineQuery"], :orig-content-encoding nil}
 :via
 [{:type clojure.lang.ExceptionInfo
   :message "clj-http: status 400"
   :data {:status 400, :headers {"Server" "nginx/1.12.2", "Date" "Sat, 22 Sep 2018 02:17:58 GMT", "Content-Type" "application/json", "Content-Length" "89", "Connection" "close", "Access-Control-Allow-Origin" "*", "Access-Control-Expose-Headers" "Content-Length,Content-Type,Date,Server,Connection"}, :body "{\"ok\":false,\"error_code\":400,\"description\":\"Bad Request: can't find field \\\"thumb_url\\\"\"}", :request-time 1469, :trace-redirects ["https://api.telegram.org/bot585672177:AAHswpmdA2zP52ZWoJMdteGa0xQ8KeynWvE/answerInlineQuery"], :orig-content-encoding nil}
   :at [slingshot.support$stack_trace invoke "support.clj" 201]}]
 :trace
 [[slingshot.support$stack_trace invoke "support.clj" 201]
  [clj_http.client$wrap_exceptions$fn__10163 invoke "client.clj" 196]
  [clj_http.client$wrap_accept$fn__10367 invoke "client.clj" 565]
  [clj_http.client$wrap_accept_encoding$fn__10373 invoke "client.clj" 579]
  [clj_http.client$wrap_content_type$fn__10362 invoke "client.clj" 554]
  [clj_http.client$wrap_form_params$fn__10454 invoke "client.clj" 722]
  [clj_http.client$wrap_nested_params$fn__10468 invoke "client.clj" 760]
  [clj_http.client$wrap_method$fn__10414 invoke "client.clj" 670]
  [clj_http.cookies$wrap_cookies$fn__7794 invoke "cookies.clj" 124]
  [clj_http.links$wrap_links$fn__9078 invoke "links.clj" 51]
  [clj_http.client$wrap_unknown_host$fn__10477 invoke "client.clj" 776]
  [clj_http.client$post invokeStatic "client.clj" 891]
  [clj_http.client$post doInvoke "client.clj" 887]
  [clojure.lang.RestFn invoke "RestFn.java" 423]
  [morse.api$answer_inline invokeStatic "api.clj" 133]
  [morse.api$answer_inline invoke "api.clj" 127]
  [morse.api$answer_inline invokeStatic "api.clj" 129]
  [morse.api$answer_inline invoke "api.clj" 127]
  [mytelegrambot.core$fn__19972$fn__19973 invoke nil 33]
  [mytelegrambot.core$fn__19972 invokeStatic nil 32]
  [mytelegrambot.core$fn__19972 invoke nil 30]
  [morse.handlers$update_fn$fn__7599 invoke "handlers.clj" 57]
  [morse.handlers$handling$fn__7576 invoke "handlers.clj" 9]
  [clojure.core$some invokeStatic "core.clj" 2592]
  [clojure.core$some invoke "core.clj" 2583]
  [morse.handlers$handling invokeStatic "handlers.clj" 9]
  [morse.handlers$handling doInvoke "handlers.clj" 6]
  [clojure.lang.RestFn applyTo "RestFn.java" 139]
  [clojure.core$apply invokeStatic "core.clj" 648]
  [clojure.core$apply invoke "core.clj" 641]
  [morse.handlers$handlers$fn__7580 invoke "handlers.clj" 15]
  [morse.polling$create_consumer$fn__10667$state_machine__5520__auto____10668$fn__10670 invoke "polling.clj" 42]
  [morse.polling$create_consumer$fn__10667$state_machine__5520__auto____10668 invoke "polling.clj" 42]
  [clojure.core.async.impl.ioc_macros$run_state_machine invokeStatic "ioc_macros.clj" 1011]
  [clojure.core.async.impl.ioc_macros$run_state_machine invoke "ioc_macros.clj" 1010]
  [clojure.core.async.impl.ioc_macros$run_state_machine_wrapped invokeStatic "ioc_macros.clj" 1015]
  [clojure.core.async.impl.ioc_macros$run_state_machine_wrapped invoke "ioc_macros.clj" 1013]
  [clojure.core.async.impl.ioc_macros$take_BANG_$fn__5536 invoke "ioc_macros.clj" 1024]
  [clojure.core.async.impl.channels.ManyToManyChannel$fn__458 invoke "channels.clj" 135]
  [clojure.lang.AFn run "AFn.java" 22]
  [java.util.concurrent.ThreadPoolExecutor runWorker "ThreadPoolExecutor.java" 1149]
  [java.util.concurrent.ThreadPoolExecutor$Worker run "ThreadPoolExecutor.java" 624]
  [java.lang.Thread run "Thread.java" 748]]}
#error {
 :cause "clj-http: status 400"
 :data {:status 400, :headers {"Server" "nginx/1.12.2", "Date" "Sat, 22 Sep 2018 02:18:00 GMT", "Content-Type" "application/json", "Content-Length" "89", "Connection" "close", "Access-Control-Allow-Origin" "*", "Access-Control-Expose-Headers" "Content-Length,Content-Type,Date,Server,Connection"}, :body "{\"ok\":false,\"error_code\":400,\"description\":\"Bad Request: can't find field \\\"thumb_url\\\"\"}", :request-time 1452, :trace-redirects ["https://api.telegram.org/bot585672177:AAHswpmdA2zP52ZWoJMdteGa0xQ8KeynWvE/answerInlineQuery"], :orig-content-encoding nil}
 :via
 [{:type clojure.lang.ExceptionInfo
   :message "clj-http: status 400"
   :data {:status 400, :headers {"Server" "nginx/1.12.2", "Date" "Sat, 22 Sep 2018 02:18:00 GMT", "Content-Type" "application/json", "Content-Length" "89", "Connection" "close", "Access-Control-Allow-Origin" "*", "Access-Control-Expose-Headers" "Content-Length,Content-Type,Date,Server,Connection"}, :body "{\"ok\":false,\"error_code\":400,\"description\":\"Bad Request: can't find field \\\"thumb_url\\\"\"}", :request-time 1452, :trace-redirects ["https://api.telegram.org/bot585672177:AAHswpmdA2zP52ZWoJMdteGa0xQ8KeynWvE/answerInlineQuery"], :orig-content-encoding nil}
   :at [slingshot.support$stack_trace invoke "support.clj" 201]}]
 :trace
 [[slingshot.support$stack_trace invoke "support.clj" 201]
  [clj_http.client$wrap_exceptions$fn__10163 invoke "client.clj" 196]
  [clj_http.client$wrap_accept$fn__10367 invoke "client.clj" 565]
  [clj_http.client$wrap_accept_encoding$fn__10373 invoke "client.clj" 579]
  [clj_http.client$wrap_content_type$fn__10362 invoke "client.clj" 554]
  [clj_http.client$wrap_form_params$fn__10454 invoke "client.clj" 722]
  [clj_http.client$wrap_nested_params$fn__10468 invoke "client.clj" 760]
  [clj_http.client$wrap_method$fn__10414 invoke "client.clj" 670]
  [clj_http.cookies$wrap_cookies$fn__7794 invoke "cookies.clj" 124]
  [clj_http.links$wrap_links$fn__9078 invoke "links.clj" 51]
  [clj_http.client$wrap_unknown_host$fn__10477 invoke "client.clj" 776]
  [clj_http.client$post invokeStatic "client.clj" 891]
  [clj_http.client$post doInvoke "client.clj" 887]
  [clojure.lang.RestFn invoke "RestFn.java" 423]
  [morse.api$answer_inline invokeStatic "api.clj" 133]
  [morse.api$answer_inline invoke "api.clj" 127]
  [morse.api$answer_inline invokeStatic "api.clj" 129]
  [morse.api$answer_inline invoke "api.clj" 127]
  [mytelegrambot.core$fn__19972$fn__19973 invoke nil 33]
  [mytelegrambot.core$fn__19972 invokeStatic nil 32]
  [mytelegrambot.core$fn__19972 invoke nil 30]
  [morse.handlers$update_fn$fn__7599 invoke "handlers.clj" 57]
  [morse.handlers$handling$fn__7576 invoke "handlers.clj" 9]
  [clojure.core$some invokeStatic "core.clj" 2592]
  [clojure.core$some invoke "core.clj" 2583]
  [morse.handlers$handling invokeStatic "handlers.clj" 9]
  [morse.handlers$handling doInvoke "handlers.clj" 6]
  [clojure.lang.RestFn applyTo "RestFn.java" 139]
  [clojure.core$apply invokeStatic "core.clj" 648]
  [clojure.core$apply invoke "core.clj" 641]
  [morse.handlers$handlers$fn__7580 invoke "handlers.clj" 15]
  [morse.polling$create_consumer$fn__10667$state_machine__5520__auto____10668$fn__10670 invoke "polling.clj" 42]
  [morse.polling$create_consumer$fn__10667$state_machine__5520__auto____10668 invoke "polling.clj" 42]
  [clojure.core.async.impl.ioc_macros$run_state_machine invokeStatic "ioc_macros.clj" 1011]
  [clojure.core.async.impl.ioc_macros$run_state_machine invoke "ioc_macros.clj" 1010]
  [clojure.core.async.impl.ioc_macros$run_state_machine_wrapped invokeStatic "ioc_macros.clj" 1015]
  [clojure.core.async.impl.ioc_macros$run_state_machine_wrapped invoke "ioc_macros.clj" 1013]
  [clojure.core.async.impl.ioc_macros$take_BANG_$fn__5536 invoke "ioc_macros.clj" 1024]
  [clojure.core.async.impl.channels.ManyToManyChannel$fn__458 invoke "channels.clj" 135]
  [clojure.lang.AFn run "AFn.java" 22]
  [java.util.concurrent.ThreadPoolExecutor runWorker "ThreadPoolExecutor.java" 1149]
  [java.util.concurrent.ThreadPoolExecutor$Worker run "ThreadPoolExecutor.java" 624]
  [java.lang.Thread run "Thread.java" 748]]}
#error {
 :cause "clj-http: status 400"
 :data {:status 400, :headers {"Server" "nginx/1.12.2", "Date" "Sat, 22 Sep 2018 02:18:34 GMT", "Content-Type" "application/json", "Content-Length" "89", "Connection" "close", "Access-Control-Allow-Origin" "*", "Access-Control-Expose-Headers" "Content-Length,Content-Type,Date,Server,Connection"}, :body "{\"ok\":false,\"error_code\":400,\"description\":\"Bad Request: can't find field \\\"thumb_url\\\"\"}", :request-time 1384, :trace-redirects ["https://api.telegram.org/bot585672177:AAHswpmdA2zP52ZWoJMdteGa0xQ8KeynWvE/answerInlineQuery"], :orig-content-encoding nil}
 :via
 [{:type clojure.lang.ExceptionInfo
   :message "clj-http: status 400"
   :data {:status 400, :headers {"Server" "nginx/1.12.2", "Date" "Sat, 22 Sep 2018 02:18:34 GMT", "Content-Type" "application/json", "Content-Length" "89", "Connection" "close", "Access-Control-Allow-Origin" "*", "Access-Control-Expose-Headers" "Content-Length,Content-Type,Date,Server,Connection"}, :body "{\"ok\":false,\"error_code\":400,\"description\":\"Bad Request: can't find field \\\"thumb_url\\\"\"}", :request-time 1384, :trace-redirects ["https://api.telegram.org/bot585672177:AAHswpmdA2zP52ZWoJMdteGa0xQ8KeynWvE/answerInlineQuery"], :orig-content-encoding nil}
   :at [slingshot.support$stack_trace invoke "support.clj" 201]}]
 :trace
 [[slingshot.support$stack_trace invoke "support.clj" 201]
  [clj_http.client$wrap_exceptions$fn__10163 invoke "client.clj" 196]
  [clj_http.client$wrap_accept$fn__10367 invoke "client.clj" 565]
  [clj_http.client$wrap_accept_encoding$fn__10373 invoke "client.clj" 579]
  [clj_http.client$wrap_content_type$fn__10362 invoke "client.clj" 554]
  [clj_http.client$wrap_form_params$fn__10454 invoke "client.clj" 722]
  [clj_http.client$wrap_nested_params$fn__10468 invoke "client.clj" 760]
  [clj_http.client$wrap_method$fn__10414 invoke "client.clj" 670]
  [clj_http.cookies$wrap_cookies$fn__7794 invoke "cookies.clj" 124]
  [clj_http.links$wrap_links$fn__9078 invoke "links.clj" 51]
  [clj_http.client$wrap_unknown_host$fn__10477 invoke "client.clj" 776]
  [clj_http.client$post invokeStatic "client.clj" 891]
  [clj_http.client$post doInvoke "client.clj" 887]
  [clojure.lang.RestFn invoke "RestFn.java" 423]
  [morse.api$answer_inline invokeStatic "api.clj" 133]
  [morse.api$answer_inline invoke "api.clj" 127]
  [morse.api$answer_inline invokeStatic "api.clj" 129]
  [morse.api$answer_inline invoke "api.clj" 127]
  [mytelegrambot.core$fn__19972$fn__19973 invoke nil 33]
  [mytelegrambot.core$fn__19972 invokeStatic nil 32]
  [mytelegrambot.core$fn__19972 invoke nil 30]
  [morse.handlers$update_fn$fn__7599 invoke "handlers.clj" 57]
  [morse.handlers$handling$fn__7576 invoke "handlers.clj" 9]
  [clojure.core$some invokeStatic "core.clj" 2592]
  [clojure.core$some invoke "core.clj" 2583]
  [morse.handlers$handling invokeStatic "handlers.clj" 9]
  [morse.handlers$handling doInvoke "handlers.clj" 6]
  [clojure.lang.RestFn applyTo "RestFn.java" 139]
  [clojure.core$apply invokeStatic "core.clj" 648]
  [clojure.core$apply invoke "core.clj" 641]
  [morse.handlers$handlers$fn__7580 invoke "handlers.clj" 15]
  [morse.polling$create_consumer$fn__10667$state_machine__5520__auto____10668$fn__10670 invoke "polling.clj" 42]
  [morse.polling$create_consumer$fn__10667$state_machine__5520__auto____10668 invoke "polling.clj" 42]
  [clojure.core.async.impl.ioc_macros$run_state_machine invokeStatic "ioc_macros.clj" 1011]
  [clojure.core.async.impl.ioc_macros$run_state_machine invoke "ioc_macros.clj" 1010]
  [clojure.core.async.impl.ioc_macros$run_state_machine_wrapped invokeStatic "ioc_macros.clj" 1015]
  [clojure.core.async.impl.ioc_macros$run_state_machine_wrapped invoke "ioc_macros.clj" 1013]
  [clojure.core.async.impl.ioc_macros$take_BANG_$fn__5536 invoke "ioc_macros.clj" 1024]
  [clojure.core.async.impl.channels.ManyToManyChannel$fn__458 invoke "channels.clj" 135]
  [clojure.lang.AFn run "AFn.java" 22]
  [java.util.concurrent.ThreadPoolExecutor runWorker "ThreadPoolExecutor.java" 1149]
  [java.util.concurrent.ThreadPoolExecutor$Worker run "ThreadPoolExecutor.java" 624]
  [java.lang.Thread run "Thread.java" 748]]}
#error {
 :cause "clj-http: status 400"
 :data {:status 400, :headers {"Server" "nginx/1.12.2", "Date" "Sat, 22 Sep 2018 02:18:36 GMT", "Content-Type" "application/json", "Content-Length" "89", "Connection" "close", "Access-Control-Allow-Origin" "*", "Access-Control-Expose-Headers" "Content-Length,Content-Type,Date,Server,Connection"}, :body "{\"ok\":false,\"error_code\":400,\"description\":\"Bad Request: can't find field \\\"thumb_url\\\"\"}", :request-time 1387, :trace-redirects ["https://api.telegram.org/bot585672177:AAHswpmdA2zP52ZWoJMdteGa0xQ8KeynWvE/answerInlineQuery"], :orig-content-encoding nil}
 :via
 [{:type clojure.lang.ExceptionInfo
   :message "clj-http: status 400"
   :data {:status 400, :headers {"Server" "nginx/1.12.2", "Date" "Sat, 22 Sep 2018 02:18:36 GMT", "Content-Type" "application/json", "Content-Length" "89", "Connection" "close", "Access-Control-Allow-Origin" "*", "Access-Control-Expose-Headers" "Content-Length,Content-Type,Date,Server,Connection"}, :body "{\"ok\":false,\"error_code\":400,\"description\":\"Bad Request: can't find field \\\"thumb_url\\\"\"}", :request-time 1387, :trace-redirects ["https://api.telegram.org/bot585672177:AAHswpmdA2zP52ZWoJMdteGa0xQ8KeynWvE/answerInlineQuery"], :orig-content-encoding nil}
   :at [slingshot.support$stack_trace invoke "support.clj" 201]}]
 :trace
 [[slingshot.support$stack_trace invoke "support.clj" 201]
  [clj_http.client$wrap_exceptions$fn__10163 invoke "client.clj" 196]
  [clj_http.client$wrap_accept$fn__10367 invoke "client.clj" 565]
  [clj_http.client$wrap_accept_encoding$fn__10373 invoke "client.clj" 579]
  [clj_http.client$wrap_content_type$fn__10362 invoke "client.clj" 554]
  [clj_http.client$wrap_form_params$fn__10454 invoke "client.clj" 722]
  [clj_http.client$wrap_nested_params$fn__10468 invoke "client.clj" 760]
  [clj_http.client$wrap_method$fn__10414 invoke "client.clj" 670]
  [clj_http.cookies$wrap_cookies$fn__7794 invoke "cookies.clj" 124]
  [clj_http.links$wrap_links$fn__9078 invoke "links.clj" 51]
  [clj_http.client$wrap_unknown_host$fn__10477 invoke "client.clj" 776]
  [clj_http.client$post invokeStatic "client.clj" 891]
  [clj_http.client$post doInvoke "client.clj" 887]
  [clojure.lang.RestFn invoke "RestFn.java" 423]
  [morse.api$answer_inline invokeStatic "api.clj" 133]
  [morse.api$answer_inline invoke "api.clj" 127]
  [morse.api$answer_inline invokeStatic "api.clj" 129]
  [morse.api$answer_inline invoke "api.clj" 127]
  [mytelegrambot.core$fn__19972$fn__19973 invoke nil 33]
  [mytelegrambot.core$fn__19972 invokeStatic nil 32]
  [mytelegrambot.core$fn__19972 invoke nil 30]
  [morse.handlers$update_fn$fn__7599 invoke "handlers.clj" 57]
  [morse.handlers$handling$fn__7576 invoke "handlers.clj" 9]
  [clojure.core$some invokeStatic "core.clj" 2592]
  [clojure.core$some invoke "core.clj" 2583]
  [morse.handlers$handling invokeStatic "handlers.clj" 9]
  [morse.handlers$handling doInvoke "handlers.clj" 6]
  [clojure.lang.RestFn applyTo "RestFn.java" 139]
  [clojure.core$apply invokeStatic "core.clj" 648]
  [clojure.core$apply invoke "core.clj" 641]
  [morse.handlers$handlers$fn__7580 invoke "handlers.clj" 15]
  [morse.polling$create_consumer$fn__10667$state_machine__5520__auto____10668$fn__10670 invoke "polling.clj" 42]
  [morse.polling$create_consumer$fn__10667$state_machine__5520__auto____10668 invoke "polling.clj" 42]
  [clojure.core.async.impl.ioc_macros$run_state_machine invokeStatic "ioc_macros.clj" 1011]
  [clojure.core.async.impl.ioc_macros$run_state_machine invoke "ioc_macros.clj" 1010]
  [clojure.core.async.impl.ioc_macros$run_state_machine_wrapped invokeStatic "ioc_macros.clj" 1015]
  [clojure.core.async.impl.ioc_macros$run_state_machine_wrapped invoke "ioc_macros.clj" 1013]
  [clojure.core.async.impl.ioc_macros$take_BANG_$fn__5536 invoke "ioc_macros.clj" 1024]
  [clojure.core.async.impl.channels.ManyToManyChannel$fn__458 invoke "channels.clj" 135]
  [clojure.lang.AFn run "AFn.java" 22]
  [java.util.concurrent.ThreadPoolExecutor runWorker "ThreadPoolExecutor.java" 1149]
  [java.util.concurrent.ThreadPoolExecutor$Worker run "ThreadPoolExecutor.java" 624]
  [java.lang.Thread run "Thread.java" 748]]}
#error {
 :cause "clj-http: status 400"
 :data {:status 400, :headers {"Server" "nginx/1.12.2", "Date" "Sat, 22 Sep 2018 02:22:27 GMT", "Content-Type" "application/json", "Content-Length" "75", "Connection" "close", "Access-Control-Allow-Origin" "*", "Access-Control-Expose-Headers" "Content-Length,Content-Type,Date,Server,Connection"}, :body "{\"ok\":false,\"error_code\":400,\"description\":\"Bad Request: QUERY_ID_INVALID\"}", :request-time 1750, :trace-redirects ["https://api.telegram.org/bot585672177:AAHswpmdA2zP52ZWoJMdteGa0xQ8KeynWvE/answerInlineQuery"], :orig-content-encoding nil}
 :via
 [{:type clojure.lang.ExceptionInfo
   :message "clj-http: status 400"
   :data {:status 400, :headers {"Server" "nginx/1.12.2", "Date" "Sat, 22 Sep 2018 02:22:27 GMT", "Content-Type" "application/json", "Content-Length" "75", "Connection" "close", "Access-Control-Allow-Origin" "*", "Access-Control-Expose-Headers" "Content-Length,Content-Type,Date,Server,Connection"}, :body "{\"ok\":false,\"error_code\":400,\"description\":\"Bad Request: QUERY_ID_INVALID\"}", :request-time 1750, :trace-redirects ["https://api.telegram.org/bot585672177:AAHswpmdA2zP52ZWoJMdteGa0xQ8KeynWvE/answerInlineQuery"], :orig-content-encoding nil}
   :at [slingshot.support$stack_trace invoke "support.clj" 201]}]
 :trace
 [[slingshot.support$stack_trace invoke "support.clj" 201]
  [clj_http.client$wrap_exceptions$fn__10163 invoke "client.clj" 196]
  [clj_http.client$wrap_accept$fn__10367 invoke "client.clj" 565]
  [clj_http.client$wrap_accept_encoding$fn__10373 invoke "client.clj" 579]
  [clj_http.client$wrap_content_type$fn__10362 invoke "client.clj" 554]
  [clj_http.client$wrap_form_params$fn__10454 invoke "client.clj" 722]
  [clj_http.client$wrap_nested_params$fn__10468 invoke "client.clj" 760]
  [clj_http.client$wrap_method$fn__10414 invoke "client.clj" 670]
  [clj_http.cookies$wrap_cookies$fn__7794 invoke "cookies.clj" 124]
  [clj_http.links$wrap_links$fn__9078 invoke "links.clj" 51]
  [clj_http.client$wrap_unknown_host$fn__10477 invoke "client.clj" 776]
  [clj_http.client$post invokeStatic "client.clj" 891]
  [clj_http.client$post doInvoke "client.clj" 887]
  [clojure.lang.RestFn invoke "RestFn.java" 423]
  [morse.api$answer_inline invokeStatic "api.clj" 133]
  [morse.api$answer_inline invoke "api.clj" 127]
  [morse.api$answer_inline invokeStatic "api.clj" 129]
  [morse.api$answer_inline invoke "api.clj" 127]
  [mytelegrambot.core$fn__20042$fn__20043 invoke nil 33]
  [mytelegrambot.core$fn__20042 invokeStatic nil 32]
  [mytelegrambot.core$fn__20042 invoke nil 30]
  [morse.handlers$update_fn$fn__7599 invoke "handlers.clj" 57]
  [morse.handlers$handling$fn__7576 invoke "handlers.clj" 9]
  [clojure.core$some invokeStatic "core.clj" 2592]
  [clojure.core$some invoke "core.clj" 2583]
  [morse.handlers$handling invokeStatic "handlers.clj" 9]
  [morse.handlers$handling doInvoke "handlers.clj" 6]
  [clojure.lang.RestFn applyTo "RestFn.java" 139]
  [clojure.core$apply invokeStatic "core.clj" 648]
  [clojure.core$apply invoke "core.clj" 641]
  [morse.handlers$handlers$fn__7580 invoke "handlers.clj" 15]
  [morse.polling$create_consumer$fn__10667$state_machine__5520__auto____10668$fn__10670 invoke "polling.clj" 42]
  [morse.polling$create_consumer$fn__10667$state_machine__5520__auto____10668 invoke "polling.clj" 42]
  [clojure.core.async.impl.ioc_macros$run_state_machine invokeStatic "ioc_macros.clj" 1011]
  [clojure.core.async.impl.ioc_macros$run_state_machine invoke "ioc_macros.clj" 1010]
  [clojure.core.async.impl.ioc_macros$run_state_machine_wrapped invokeStatic "ioc_macros.clj" 1015]
  [clojure.core.async.impl.ioc_macros$run_state_machine_wrapped invoke "ioc_macros.clj" 1013]
  [clojure.core.async.impl.ioc_macros$take_BANG_$fn__5536 invoke "ioc_macros.clj" 1024]
  [clojure.core.async.impl.channels.ManyToManyChannel$fn__458 invoke "channels.clj" 135]
  [clojure.lang.AFn run "AFn.java" 22]
  [java.util.concurrent.ThreadPoolExecutor runWorker "ThreadPoolExecutor.java" 1149]
  [java.util.concurrent.ThreadPoolExecutor$Worker run "ThreadPoolExecutor.java" 624]
  [java.lang.Thread run "Thread.java" 748]]}
