"nagoya"
"JP"
"nagoya"
"JP"
"nagoya"
"JP"
"tokyo"
"tokyo"
"nagoya"
"tokyo"
"tokyo"
"nagoya"
"tokyo"
"tokyo"
"tokyo"
"nagoya"
"tokyo"
"JP"
"tokyo"
"tokyo"
"tokyo"
"tokyo"
"nagoya"
"tokyo"
"tokyo"
"tokyo"
"tokyo"
"tokyo"
"nagoya"
"tokyo"
"tokyo"
"tokyo"
"tokyo"
"nagoya"
"tokyo"
"tokyo"
"tokyo"
"tokoy"
"tokyo"
"nagoya"
"tokyo"
"tokyo"
"JP"
"tokyo"
"tokyo"
"tokyo"
"tokyo"
"nagoya"
"tokyo"
"tokyo"
"tokyo"
"tokyo"
"tokyo"
"nagoya"
"tokyo"
"tokyo"
"nagoya"
"tokyo"
"tokyo"
"tokoy"
"tokyo"
"tokyo"
"tokyo"
"tokyo"
"tokyo"
"tokyo"
"tokyo"
"tokyo"
"tokyo"
"tokyo"
"tokyo"
"nagoya"
"tokyo"
"tokoy"
"tokyo"
"tokyo"
"tokyo"
"tokyo"
"tokyo"
"tokyo"
"tokyo"
"osaka"
