Determining if the pthread_create exist failed with the following output:
Change Dir: /home/niko/Dropbox/BOOKS2/APRESS/RESEARCH/tgbot-cpp/samples/photo/CMakeFiles/CMakeTmp

Run Build Command:"/usr/bin/make" "cmTC_923e7/fast"
/usr/bin/make -f CMakeFiles/cmTC_923e7.dir/build.make CMakeFiles/cmTC_923e7.dir/build
make[1]: Entering directory '/home/niko/Dropbox/BOOKS2/APRESS/RESEARCH/tgbot-cpp/samples/photo/CMakeFiles/CMakeTmp'
Building C object CMakeFiles/cmTC_923e7.dir/CheckSymbolExists.c.o
/usr/bin/cc    -o CMakeFiles/cmTC_923e7.dir/CheckSymbolExists.c.o   -c /home/niko/Dropbox/BOOKS2/APRESS/RESEARCH/tgbot-cpp/samples/photo/CMakeFiles/CMakeTmp/CheckSymbolExists.c
Linking C executable cmTC_923e7
/usr/bin/cmake -E cmake_link_script CMakeFiles/cmTC_923e7.dir/link.txt --verbose=1
/usr/bin/cc      -rdynamic CMakeFiles/cmTC_923e7.dir/CheckSymbolExists.c.o  -o cmTC_923e7 
/usr/bin/ld: CMakeFiles/cmTC_923e7.dir/CheckSymbolExists.c.o: in function `main':
CheckSymbolExists.c:(.text+0x1b): undefined reference to `pthread_create'
collect2: error: ld returned 1 exit status
make[1]: *** [CMakeFiles/cmTC_923e7.dir/build.make:87: cmTC_923e7] Error 1
make[1]: Leaving directory '/home/niko/Dropbox/BOOKS2/APRESS/RESEARCH/tgbot-cpp/samples/photo/CMakeFiles/CMakeTmp'
make: *** [Makefile:121: cmTC_923e7/fast] Error 2

File /home/niko/Dropbox/BOOKS2/APRESS/RESEARCH/tgbot-cpp/samples/photo/CMakeFiles/CMakeTmp/CheckSymbolExists.c:
/* */
#include <pthread.h>

int main(int argc, char** argv)
{
  (void)argv;
#ifndef pthread_create
  return ((int*)(&pthread_create))[argc];
#else
  (void)argc;
  return 0;
#endif
}

Determining if the function pthread_create exists in the pthreads failed with the following output:
Change Dir: /home/niko/Dropbox/BOOKS2/APRESS/RESEARCH/tgbot-cpp/samples/photo/CMakeFiles/CMakeTmp

Run Build Command:"/usr/bin/make" "cmTC_1fb60/fast"
/usr/bin/make -f CMakeFiles/cmTC_1fb60.dir/build.make CMakeFiles/cmTC_1fb60.dir/build
make[1]: Entering directory '/home/niko/Dropbox/BOOKS2/APRESS/RESEARCH/tgbot-cpp/samples/photo/CMakeFiles/CMakeTmp'
Building C object CMakeFiles/cmTC_1fb60.dir/CheckFunctionExists.c.o
/usr/bin/cc   -DCHECK_FUNCTION_EXISTS=pthread_create   -o CMakeFiles/cmTC_1fb60.dir/CheckFunctionExists.c.o   -c /usr/share/cmake-3.12/Modules/CheckFunctionExists.c
Linking C executable cmTC_1fb60
/usr/bin/cmake -E cmake_link_script CMakeFiles/cmTC_1fb60.dir/link.txt --verbose=1
/usr/bin/cc  -DCHECK_FUNCTION_EXISTS=pthread_create    -rdynamic CMakeFiles/cmTC_1fb60.dir/CheckFunctionExists.c.o  -o cmTC_1fb60 -lpthreads 
/usr/bin/ld: cannot find -lpthreads
collect2: error: ld returned 1 exit status
make[1]: *** [CMakeFiles/cmTC_1fb60.dir/build.make:87: cmTC_1fb60] Error 1
make[1]: Leaving directory '/home/niko/Dropbox/BOOKS2/APRESS/RESEARCH/tgbot-cpp/samples/photo/CMakeFiles/CMakeTmp'
make: *** [Makefile:121: cmTC_1fb60/fast] Error 2


